indended,1
kept,1
kelly,1
keep,1
k 100 m 300 n 20 s 900,1
june,1
jumps,1
jump,1
july,1
january,1
itself,1
items,1
italics,1
issued,1
isolate,1
keys,1
kinds,1
kleinrock,1
known,1
link connect,1
linear,1
line%,1
limits,1
limit,1
lexington,1
levels,1
lengthy,1
leap,1
irrelevant,1
lcl2uhr,1
late,1
larger,1
labs,1
labeled,1
label1,1
l969,1
knows,1
later,1
linked,1
iost,1
invalid,1
initiates,1
initiated,1
initally,1
inherent,1
informs,1
informational,1
indirectly,1
indirect,1
indicator,1
indication,1
indicating,1
independent,1
your,1
increment,1
incorporation,1
inactive,1
inaction,1
imp's,1
implement,1
initiating,1
initiations,1
initilized,1
inputs,1
intricate,1
interrupts,1
internal,1
intermediate,1
interfaced,1
intercom,1
intended,1
integrity,1
integrated,1
invokes,1
integers,1
insure,1
instead,1
instance,1
installs,1
install,1
inst,1
inserts,1
inserted,1
insert,1
imp host,1
lisp,1
little,1
multiplexes,1
moves,1
moulton,1
moreover,1
modifying,1
modify,1
mode  nif code,1
mixed,1
missing,1
miop/siop,1
miop,1
minus,1
minimize,1
minimal,1
mid point,1
namely,1
neglected,1
net to host,1
net to user,1
notions,1
notion,1
notified,1
notice,1
normalized,1
nonstandard,1
non zero,1
non rubout,1
mice,1
nodes,1
nlsw,1
nine,1
nif urt  tif imp,1
nif hrt  nif keyboard,1
nif encode,1
nif display  nif urt,1
nif decode  tif hrt,1
newman,1
lists,1
method,1
messges,1
low speed,1
loss,1
lose,1
lorrie,1
loopstr,1
looped,1
looking,1
logout,1
logically,1
logical entity,1
logging,1
locations,1
localization,1
local echo,1
loaded,1
live,1
lsp 0,1
machine state,1
macro,1
message1,1
mesh,1
merely,1
memory,1
mehmet,1
mechanisms,1
measurement,1
measure,1
meaningful,1
meta,1
meaning,1
maybe,1
matching,1
mapped,1
many,1
manual,1
mandell,1
mandatory,1
managed,1
man machine,1
mean,1
notwithstanding,1
immediately,1
illegible,1
emerged,1
elaspse,1
elapse,1
efficiently,1
efficient,1
effect wait,1
eetracting,1
editor,1
echos,1
echoes,1
echo like,1
ebcdic,1
easy,1
dual,1
dsn 1,1
drives,1
drivers,1
drifting,1
emission,1
employed,1
empties,1
emptyu,1
event,1
even,1
evaluations,1
evaluate,1
estrin,1
establishes,1
errors,1
ername,1
equipment,1
drawn,1
equal,1
envocation,1
entries,1
entered,1
english,1
englebart's,1
ends,1
endp,1
ending,1
end around carry,1
envoking,1
everything,1
drawbacks,1
document,1
designed,1
description,1
described,1
dept,1
depend,1
department,1
denomenator,1
demandmes,1
delivery,1
deliver,1
deletes,1
delete,1
del like,1
degrade,1
defined,1
defaults,1
defaulted,1
deeper,1
decode encode,1
designer,1
designers,1
desirable,1
destroy,1
distributes,1
distinguished,1
disregards,1
dispute,1
display oriented,1
discussions,1
discussed,1
discuss,1
double,1
difficult,1
difference,1
dialup,1
dial up,1
diagrams,1
diagram,1
determination,1
detection,1
detected,1
differentiated,1
imagine,1
evolution,1
exceeds,1
happens,1
handling,1
handlers,1
hand written,1
half duplex,1
half,1
guides,1
guarantee,1
grouping,1
grounds,1
great,1
gordo,1
good,1
gone,1
goals,1
goal,1
giving,1
gives,1
having,1
head,1
held,1
help,1
iii 3,1
iii 2,1
iii 1,1
ii 3 2,1
ii 3 1,1
ii 3,1
ii 1 2,1
ii 1 1,1
ignores,1
give,1
id ' left,1
host to user,1
host sri,1
host host,1
honors,1
history,1
highly,1
high speed,1
i            i       os nls,1
examined,1
gets,1
german,1
fashion,1
fall,1
fact    unreadable,1
facility's,1
facilities,1
faced,1
extracting,1
extension,1
explores,1
explored,1
explanations,1
explained,1
expectations,1
expand,1
exp/,1
exists,1
exec,1
exclusively,1
exclusive,1
faster,1
faulted,1
february,1
fifteen,1
generated,1
generate,1
generally,1
general,1
garbled,1
full duplex,1
front end,1
frequency,1
getlink,1
frame,1
formatting,1
focus,1
floating point,1
flexibility,1
fixes,1
finish,1
final,1
fills,1
filled,1
formed,1
november,1
nroffed,1
sub system,1
styles,1
style,1
stuff,1
structural,1
strong,1
stripping,1
strings,1
string 1,1
strilng,1
street,1
straight,1
stored,1
stimulate,1
still,1
stick,1
step,1
starting,1
started,1
subcategorization,1
successful,1
successively,1
sufficient,1
telco,1
technique,1
tech,1
tasks,1
task,1
tardif,1
taken,1
tailored,1
tail,1
stacking,1
synchronization,1
synchornization,1
symbolically,1
symbol  id,1
supposed,1
suppose,1
supervisor,1
summer,1
summarized,1
telephone,1
specifying,1
significant,1
signals,1
signal,1
sigma,1
shuffled,1
show,1
shiota,1
shifts,1
shifted,1
shed,1
severe,1
serving host,1
serve,1
serially,1
sequences,1
separately,1
sender,1
semi trees,1
semi raw,1
simplest,1
simplicity,1
simplified,1
simulated,1
specifiy,1
specifiations,1
specialized,1
spares,1
space,1
sorting,1
sophistication,1
someday,1
spectrum,1
solving,1
skip,1
sizes,1
sized,1
siop,1
simultaneously,1
simultaneous,1
simulation,1
simulating,1
smart,1
selectively,1
tells,1
terminating,1
vector,1
variables,1
utilization,1
utah sri,1
usually,1
user style,1
user network,1
usefulness,1
updated,1
unreadable,1
unpacking,1
unnecessarily,1
unknown,1
uniary,1
underlaying,1
undergo,1
uist,1
vectors,1
viagenie,1
viewed,1
volumes,1
yesterday,1
x8224,1
x7211,1
x6019,1
x438,1
x4116,1
uipdate%,1
x* y,1
x axis,1
world,1
winter,1
widths,1
width,1
week,1
ways,1
wasted,1
washington,1
x y r,1
tentative,1
uhr2rmt,1
ucla sri,1
trails,1
traffic,1
tracing,1
total,1
together,1
titled,1
timeout,1
time%,1
tif urt,1
tif net,1
tif decode,1
tif dctrl  tif urt,1
thke,1
things,1
thing,1
testing,1
terms,1
terminology,1
trans,1
trans character,1
transcodes,1
transferring,1
ucla                 ucsb,1
typing,1
typewriter,1
types,1
two's,1
turn,1
tube,1
trying,1
trouble,1
ucsb sri,1
triple,1
trees,1
treedecl,1
treated,1
treat,1
transmitting,1
transmits,1
transmission style,1
transmissin,1
translates,1
triggered,1
selective,1
selection,1
selecting,1
prgmctrl,1
previously,1
prescribed,1
prepares,1
preliminary,1
preg,1
preceding,1
precedence,1
pre log in,1
possibility,1
positive,1
portions,1
play,1
plantree,1
plans,1
planned,1
piecemeal,1
philosophy,1
pertinent,1
primarily,1
print,1
print image oriented,1
privileged,1
quite,1
quickly,1
quick,1
queries,1
puts,1
pushes,1
purposes,1
public,1
perform,1
provides,1
proposed,1
proper,1
prohibited,1
programming,1
programmed,1
production,1
processes,1
processed,1
proceeds,1
protocols,1
radians,1
people,1
pens,1
optimally,1
optimal,1
opposed,1
operators,1
operations,1
operated,1
operate,1
onff,1
once,1
offered,1
ods/arpa,1
october,1
obvious,1
objections,1
object,1
o      distribution,1
nwg/rfc,1
numerical,1
optional,1
ordered,1
orders,1
original,1
pass,1
party,1
partitions,1
particularly,1
partially,1
parenthesized,1
paralleled,1
padding,1
packing,1
pentagon,1
packet,1
overloading,1
overload,1
outside,1
outlines,1
outlined,1
outline,1
otherwise,1
os        i            i       os nls,1
os        i            i,1
ranking,1
rare,1
rastor,1
rfnms,1
rfc 6,1
rfc 5,1
rfc 3,1
rfc 10,1
revision,1
review,1
returns,1
returned,1
resulting,1
resulted,1
restriction,1
restore,1
restart,1
responsive,1
responding,1
respective,1
resident,1
reserve,1
rigged,1
robbie,1
robert,1
sees,1
section,1
secondary,1
searching,1
se p1,1
schedules,1
scanning,1
saved,1
sample,1
requiring,1
said,1
runmning,1
rules,1
routines,1
routine error,1
routine,1
route,1
rounded,1
round,1
rotation,1
runs,1
required,1
representatives,1
report,1
recoveries,1
record,1
reconstruction,1
recomputed,1
recipient,1
recieved,1
recently,1
receipt,1
reassembly,1
recovery,1
reassembled,1
reasonable,1
real time,1
ready,1
read only,1
read,1
reactions,1
reaches,1
reached,1
rates,1
reasonableness,1
declared,1
reference,1
refnm,1
replace,1
repeats,1
repeat,1
reorders,1
reordering,1
remove,1
remarks,1
remark,1
remains,1
reflect,1
remaining,1
reliable,1
release,1
relatively,1
relative,1
relationship,1
registers,1
register%,1
regarded,1
refreshing,1
reload,1
declare,1
zeros,1
appends,1
blocked,1
3b1b,1
black,1
3d167,1
bitwise,1
blocks,1
415 843 2621,1
491 1850,1
%filter,1
49l 1868,1
%format,1
%filer,1
4a1a,1
3b1a3a2,1
body,1
broken,1
3b1a2,1
broad,1
breaks,1
breaking,1
branch,1
3b1a2a,1
3b1a3a1,1
boundary,1
bound,1
3b1a3,1
bored,1
bonamy,1
bolt,1
3b1a3a,1
brother,1
4a1b,1
berkeley,1
4a1d,1
4a2a,1
4a2b,1
4a2b1,1
b5500,1
b nb,1
base,1
b 115,1
aware,1
await,1
4a2d,1
4a2d1,1
4a2e,1
4a2f,1
%literal,1
4a2c,1
besides,1
4a1c3b,1
4a1c3a1,1
4a1b1,1
4a1b2,1
beranek,1
bennet,1
belong,1
4a1c,1
begins,1
basis,1
4a1c1,1
4a1c2,1
4a1c3,1
4a1c3a,1
beforehand,1
become,1
because,1
beam,1
beginning,1
4a2f1,1
3b1a1,1
3b1a,1
2b1d5b,1
charaters,1
2c1a,1
%date,1
%del,1
characteristics,1
2b1d5a,1
characteristic,1
%echo,1
2c1a1,1
changes,1
changed,1
chaining,1
cells,1
celeste,1
character s,1
causes,1
2b1d5,1
2b1d4c2a,1
2b1d4b2b,1
2b1d4b2c,1
claims,1
2b1d4c,1
%command,1
circularly,1
2b1d4c1,1
2b1d4c2b,1
circular,1
circuit,1
cibtrikst,1
checksummed,1
2b1d4c1a,1
2b1d4c1b,1
2b1d4c1c,1
2b1d4c2,1
circuits,1
%file,1
2c1b,1
2c1c,1
3/97,1
322 8224,1
busy,1
bussel,1
bundles,1
393 9411,1
built,1
buildmest,1
buildmes,1
builder,1
bugs,1
393 0411,1
category,1
byute,1
2c1d2b,1
catch,1
cases,1
carried,1
carriage return,1
carriage,1
capshaw,1
capacity,1
cable,1
capability,1
2c1d1,1
'/'\,1
canned,1
caller,1
2c1d2,1
called error,1
2c1d2a,1
2c1d,1
4a2f2,1
augmentation,1
acceptance,1
7 8663,1
abstract,1
7e3a,1
7e3b,1
7e3c,1
aborts,1
abnormal,1
accommodated,1
accompanying,1
actual,1
acts,1
active,1
accommodating,1
acting,1
achieve,1
7 8654,1
accuracy,1
accumulates,1
account,1
activated,1
7e3d,1
9b2a,1
9b1a,1
9a2a,1
9a1a,1
9/1/69,1
961 3221,1
a na,1
7e3e,1
7e3f,1
8 bit,1
8/1/69,1
805 961 3221,1
825 2543,1
825 4864,1
84ll2,1
801 322 7211,1
%name,1
5a1b,1
5a1c,1
area,1
5a1d,1
5a1d1,1
5a1e,1
5a1a,1
5a1f,1
5b1b,1
5b3a,1
`     carry,1
appears,1
anyone,1
5b1a,1
answer,1
argument,1
arguments,1
audio,1
attempting,1
at&t,1
4b1a,1
%message,1
assignlabel,1
assign,1
arrow p1,1
arrived,1
arrangements,1
around,1
5c1a,1
5c1b,1
5c1c,1
agreements,1
agreement,1
agreed,1
against,1
6a2a,1
6a2b,1
additionally,1
aknowledgement,1
5c1c1,1
5c1d,1
andrews,1
anderson,1
%sequence,1
analyzer,1
ambitious,1
although,1
alternative,1
6 bit,1
662 5500,1
allows,1
allowable,1
allow,1
2b1d4b2a,1
clockwise,1
9/15/69,1
components,1
copies,1
component,1
composition,1
25 26,1
24 32 36,1
213 825 4864,1
$nodename,1
14a3,1
corey,1
2030l,1
computer generated,1
1c1b,1
concerning,1
14b1,1
1c1a,1
14b2,1
'/a del',1
condition,1
' symbol,1
2 bit,1
corp,1
14a2,1
$procedure,1
1010 58,1
2b1c,1
2b1b,1
crashes,1
2b1a,1
crash,1
11/15/69,1
%bug%,1
course,1
counter,1
count,1
11/97,1
complementary,1
12/15/69,1
corresponds,1
2a2a,1
14a1,1
correction,1
compile,1
conditions,1
cooperate,1
continues,1
1a2d,1
consideration,1
considerations,1
considers,1
16 bit,1
contains,1
containing,1
2b1d4b2,1
contain,1
consisting,1
1a2b,1
$ '&,1
constructs,1
constructed,1
constituting,1
1a2a,1
1a1a,1
1a2c,1
' up,1
consequently,1
14b5,1
1b1d,1
converted,1
confirmation,1
conformance,1
14b5a,1
convention,1
convenient,1
14b5b,1
1b1c,1
controlst,1
conjunction,1
conjunctive,1
14b6,1
connect,1
1b1b,1
$ labeledst,1
1b1a,1
control%,1
connections,1
2b1c1,1
comm,1
2b1d3a,1
culler's,1
daughter,1
david,1
culler,1
comments  x,1
dctrl,1
ctrl  tif prgm,1
communcation,1
2b1d3,1
community,1
ctrl  tif net,1
deal,1
ctrl  tif imp,1
ctrl  nif decode,1
10/1998,1
02/06/69,1
dataphone,1
2b1d3b,1
1/02,1
10/1/69,1
comes,1
2b1d4a,1
cyclic,1
coming,1
10/15/69,1
2b1d4a1,1
curves,1
comm imp,1
command,1
curve,1
commands,1
combinations,1
curry,1
colorado,1
' exp,1
dealt,1
2b1d4,1
10/1999,1
compact,1
comparison,1
2b1d1,1
2b1d2,1
creating,1
closely,1
decide,1
2b1d,1
create,1
2b1c1a,1
2b1d4b,1
compilation,1
2b1d4b1,1
decembeer,1
croyden,1
decision,1
appendmes,2
rubout,2
nif d,2
appropiately,2
approach,2
appended,2
controlled,2
model,2
returnst,2
append,2
propose,2
anybody,2
and/or,2
effective,2
dependent,2
view,2
translators,2
underscored,2
data phone,2
density,2
controls,2
decided,2
results,2
construct,2
deep,2
answers,2
arrangement,2
retrieval,2
nodename,2
monica,2
emitting,2
routing,2
deletepntr,2
transferred,2
ring,2
nature,2
multiple,2
delays,2
encountered,2
encouraged,2
named,2
transfer,2
na nb,2
promote,2
debugging,2
protocol,2
multiplex,2
ravenswood,2
needs,2
progr,2
contained,2
vice,2
entities,2
versa,2
conventions,2
arbitrary,2
purpose,2
move,2
publish,2
enter,2
prog,2
processing,2
regardless,2
cortnout,2
pair,2
ctrl,2
cortnin,2
dialed,2
true,2
don't,2
addition,2
overflow,2
corresponding,2
polished,2
reception,2
positions,2
copy,2
recent,2
drops,2
advantages,2
panic,2
receives,2
paper,2
pieces,2
direct,2
philosophical,2
period,2
perhaps,2
pipetype,2
pattern,2
passing,2
passed,2
across,2
parts,2
partly,2
places,2
accepts,2
actions,2
parsed,2
park,2
differentiate,2
parentheses,2
displays,2
please,2
useful,2
determine,2
affiliation,2
allocated,2
on line,2
often,2
requirements,2
requires,2
various,2
14b3,2
user to host,2
coordinate,2
dimensional,2
respect,2
nwg's,2
converting,2
numbertype,2
respond,2
varlist,2
convert,2
response,2
responsibility,2
conversation,2
variable,2
currently,2
present,2
require,2
reporting,2
trial,2
preceded,2
organization,2
dspyst,2
represents,2
reproduction,2
requested,2
treest,2
ability,2
treename,2
prepared,2
reasons,2
aknowledge,2
operation,2
requesting,2
algorithm,2
requestor,2
declarations,2
current,2
subsystems,2
author's,2
assembly,2
follows,2
spare,2
button,2
buttons,2
talking,2
integerv,2
formal,2
talked,2
instructions,2
specifically,2
specification,2
specifics,2
source,2
cabling,2
insertpntr,2
four,2
whilest,2
callst,2
cambridge,2
square,2
untilst,2
initialization,2
inhibition,2
fullest,2
standards,2
whose,2
inform,2
forst,2
whether,2
interfaces,2
folding,2
fetch,2
tendency,2
fill,2
bufappend,2
jerry,2
finally,2
buffering,2
aspect,2
well,2
ithcasest,2
solution,2
were,2
query,2
five,2
ipso,2
something,2
invoked,2
invisible,2
complex,2
introductory,2
somewhat,2
flow,2
interrogate,2
folded,2
functioning,2
single,2
carries,2
index,2
checkout,2
cole,2
gost,2
suited,2
words,2
suggestions,2
structure,2
chosen,2
structuredtype,2
greater,2
high,2
suggestion,2
hesitancy,2
host to host,2
here,2
co routines,2
study,2
groups,2
suggest,2
city,2
work,2
successive,2
subroutines,2
subst,2
half second,2
suggested,2
however,2
strategies,2
independently,2
startbuffer,2
further,2
casest,2
incoming,2
startmes,2
impossible,2
implemented,2
implementation,2
common,2
wide,2
stated,2
station,2
certain,2
change,2
gerard,2
unusual,2
supplied,2
getbyte,2
ii 2,2
ii 1,2
unused,2
given,2
identified,2
global,2
ideas,2
within,2
indicate,2
terminate,2
firm,2
kill,2
wait,2
considerably,2
management,2
timely,2
making,2
make,2
selects,2
background,2
semantic,2
backward,2
baray,2
barbara,2
send/receive,2
executed,2
wand,2
loopst,2
bear,2
look,2
long,2
keystrokes,2
exist,2
login,2
conlist,2
becomes,2
sendmes,2
usable,2
log in,2
sentence,2
select,2
axes,2
sec'y,2
march,2
equivalent,2
assigned,2
assumed,2
consists,2
messagest,2
essentially,2
estab,2
volume,2
mesinfo,2
attempt,2
mesdecl,2
salt,2
$declaration,2
menlo,2
meetings,2
establishing,2
consist,2
science,2
scope,2
available,2
timetable,2
matter,2
master,2
evaluated,2
considered,2
membership,2
expect,2
415 326 6200,2
labels,2
simply,2
best,2
laboratory,2
shifting,2
lack,2
expression,2
those,2
short,2
extent,2
less,2
lake,2
unnecessary,2
facto,2
condcasest,2
binary,2
therefore,2
blink,2
explicitly,2
labeledst,2
unpolished,2
boelter,2
list,2
setpntr,2
fault,2
computing,2
believe,2
false,2
congestion,2
explication,2
explicit,2
kind,2
experience,2
three,2
trivial,3
running,3
updates,3
unconditional,3
suitable,3
teletypes,3
size,3
range,3
requests,3
under,3
tree1,3
rovner,3
register,3
transparent,3
serving,3
specs%,3
thought,3
typed,3
stanford,3
specific,3
several,3
takes,3
sending,3
type,3
ucla h,3
ucla i,3
symbol,3
transmit,3
tests,3
usage,3
related,3
shift,3
relation,3
though,3
selected,3
respectively,3
ucsb h,3
ucsb i,3
times,3
sophisticated,3
roberts,3
side,3
storage,3
semi tree,3
translated,3
unique,3
alternate,3
gear,3
controlling,3
angeles,3
labelv,3
contents,3
enough,3
larry,3
free,3
next,3
least,3
lengths,3
negation,3
library,3
needed,3
exactly,3
else,3
examples,3
comment,3
come,3
co routine,3
ithcase,3
ease,3
onoff,3
values,3
coded,3
offer,3
already,3
john,3
graphics,3
lower,3
effort,3
null,3
nst del,3
know,3
during,3
natural,3
exchange,3
location,3
avoid,3
mass,3
condcs,3
before,3
maps,3
files,3
factor,3
manipulation,3
major,3
maintain,3
machines,3
waits,3
lowest,3
automatically,3
names,3
author,3
lincoln,3
multiplexing,3
lines,3
wants,3
expected,3
configuration,3
ascii,3
being,3
associated,3
attempted,3
conference,3
meeting,3
meet,3
extra,3
agree,3
based,3
duplex,3
discussion,3
pipename,3
process,3
accepting,3
decoder,3
define,3
disconnect,3
class,3
check,3
directly,3
integer,3
pointers,3
closer,3
points,3
byte,3
institute,3
above,3
probably,3
installation,3
demand,3
checks,3
input/output,3
able,3
previous,3
handled,3
idlist,3
access,3
word,3
addr,3
correct,3
adding,3
builtin,3
user site,3
picture,3
pack,3
dspyparm,3
divided,3
addresses,3
' left,3
hall,3
parallel,3
disjunct,3
produced,3
paul,3
coordinates,3
pairedids,3
particular,3
action,3
center,3
hand,3
prof,3
parameter,3
handle,3
haefner,3
channel,4
serial,4
computed,4
checked,4
locally,4
sequence,4
cause,4
start,4
sends,4
stream,4
loop,4
better,4
complicated,4
bufstuff,4
build,4
building,4
buffername,4
just,4
codes,4
summary,4
comments,4
symbol constant,4
front,4
similar,4
forward,4
level,4
intensity,4
clear,4
light,4
like,4
formats,4
shapiro,4
want,4
below,4
compilers,4
specified,4
specify,4
load,4
filling,4
might,4
stations,4
receiving,4
acceptable,4
responses,4
power,4
elmer,4
develop,4
back,4
amount,4
verification,4
normal,4
verify,4
pntrname,4
date,4
constant,4
translate,4
effect,4
device,4
easily,4
parameters,4
distribution,4
added,4
devices,4
advantage,4
outgoing,4
received,4
coordination,4
again,4
place,4
receive,4
online,4
allocation,4
consoles,4
universal,4
trace,4
readable,4
procname,4
programmers,4
santa,4
rand,4
authoritative,4
conditional,4
facility,4
marking,4
position,4
fact,4
provided,4
features,4
terminals,4
maximum,4
minimum,4
pool,4
experiment,4
eventually,4
debug,4
every,4
problems,4
archives,4
rfnm,4
consider,4
name,4
area%,4
connected,4
arithmetic,4
executive,4
rather,4
unit,4
desired,5
hope,5
heading,5
string,5
decode,5
higher,5
term,5
either,5
closed,5
file like,5
until,5
techniques,5
compliment,5
expressions,5
experiments,5
thus,5
compiler,5
take,5
write,5
establishment,5
entry,5
full,5
goes,5
transmitted,5
written,5
tree,5
such,5
tables,5
introduction,5
declaration,5
main,5
interaction,5
voice,5
most,5
break,5
sites,5
manner,5
kahn,5
keyboard,5
phone,5
since,5
label,5
right,5
node,5
bitop,5
very,5
necessary,5
much,5
pipe,5
line,5
primitive,5
provide,5
included,5
real,6
primitives,6
stoughton,6
carry,6
transfers,6
language,6
function,6
call,6
large,6
identification,6
appropriate,6
title,6
state,6
compiled,6
problem,6
pntrexp,6
numbers,6
seems,6
specifications,6
header,6
regarding,6
initiate,6
second,6
tty like,6
initially,6
packets,6
fields,6
immediate,6
point,6
bill,6
series,6
research,6
echo,6
direction,6
university,6
representation,6
begin,6
example,7
their,7
arpa,7
concerned,7
always,7
content,7
procedure,7
possible,7
about,7
different,7
could,7
documentation,7
return,7
down,7
user host,7
value,7
open,7
result,7
order,7
screen,7
interactive,7
format,7
functions,7
symbolic,7
what,7
teletype,7
bb&n,7
upon,7
made,7
block,8
last,8
left,8
does,8
conversion,8
operating,8
arrow,8
jeff,8
procedures,8
carr,8
scheme,8
pointer,8
design,8
ucsb,8
been,9
translator,9
both,9
priority,9
file,9
after,9
systems,9
called,9
while,9
handler,9
means,9
without,9
subsystem,9
users,9
simple,10
following,10
user's,10
interrupt,10
established,10
bytes,10
note,10
buffers,10
case,10
special,11
destination,11
questions,11
done,11
deloche,11
computer,11
feedback,11
notes,11
text,11
local,11
they,11
mode,12
conjunct,12
monitor,12
code,12
standard,12
server host,12
them,12
test,12
terminal,12
rulifson,12
statements,12
also,12
where,12
communication,13
than,13
data,13
logical,13
auxilliary,13
another,13
checking,13
using,13
same,13
syntax,13
table,13
console,13
california,14
initial,14
imps,14
host imp,14
april,14
time,15
duvall,15
then,15
these,15
encode,15
form,15
only,16
more,16
need,16
translation,16
statement,16
status,16
machine,16
buffer,16
some,17
used,17
establish,17
through,17
characters,17
send,18
field,18
checksum,18
have,18
output,18
empty,18
length,18
number,18
would,18
when,19
part,19
first,19
sent,19
system,19
steve,20
input,20
working,20
character,20
error,20
utah,20
must,20
there,21
between,21
should,21
site,21
bits,22
hosts,22
group,22
connection,22
request,22
transmission,23
remote,23
hardware,23
over,24
interface,25
programs,25
which,26
other,26
each,26
primary,26
crocker,29
ucla,29
display,29
control,29
into,29
information,30
page,35
messages,37
software,39
links,41
user,54
message,55
will,57
with,58
program,65
that,66
network,69
from,71
this,93
link,93
host,123
